#
# A fatal error has been detected by the Java Runtime Environment:
#
#  EXCEPTION_ACCESS_VIOLATION (0xc0000005) at pc=0x00007ff8d04fc7f0, pid=9104, tid=15344
#
# JRE version: OpenJDK Runtime Environment Temurin-17.0.2+8 (17.0.2+8) (build 17.0.2+8)
# Java VM: OpenJDK 64-Bit Server VM Temurin-17.0.2+8 (17.0.2+8, mixed mode, sharing, tiered, compressed oops, compressed class ptrs, g1 gc, windows-amd64)
# Problematic frame:
# V  [jvm.dll+0xc7f0]
#
# No core dump will be written. Minidumps are not enabled by default on client versions of Windows
#
# If you would like to submit a bug report, please visit:
#   https://github.com/adoptium/adoptium-support/issues
#

---------------  S U M M A R Y ------------

Command Line: -javaagent:C:\Program Files\JetBrains\IntelliJ IDEA Educational Edition 2021.3.4\lib\idea_rt.jar=57011:C:\Program Files\JetBrains\IntelliJ IDEA Educational Edition 2021.3.4\bin -Dfile.encoding=UTF-8 --module-path=C:\Users\Barket trader\.m2\repository\org\openjfx\javafx-base\17.0.1\javafx-base-17.0.1-win.jar;C:\Users\Barket trader\demo4\target\classes;C:\Users\Barket trader\.m2\repository\org\openjfx\javafx-fxml\17.0.1\javafx-fxml-17.0.1-win.jar;C:\Users\Barket trader\.m2\repository\org\openjfx\javafx-controls\17.0.1\javafx-controls-17.0.1-win.jar;C:\Users\Barket trader\.m2\repository\org\openjfx\javafx-graphics\17.0.1\javafx-graphics-17.0.1-win.jar -Djdk.module.main=com.example.demo4 com.example.demo4/com.example.demo4.app

Host: Intel(R) Core(TM) i5-6300U CPU @ 2.40GHz, 4 cores, 7G,  Windows 10 , 64 bit Build 19041 (10.0.19041.1023)
Time: Sat Jun  4 23:50:29 2022 Pakistan Standard Time elapsed time: 1.657203 seconds (0d 0h 0m 1s)

---------------  T H R E A D  ---------------

Current thread (0x000002102ba54ff0):  JavaThread "JavaFX Application Thread" [_thread_in_vm, id=15344, stack(0x000000d553800000,0x000000d553900000)]

Stack: [0x000000d553800000,0x000000d553900000],  sp=0x000000d5538fcf68,  free space=1011k
Native frames: (J=compiled Java code, j=interpreted, Vv=VM code, C=native code)
V  [jvm.dll+0xc7f0]

Java frames: (J=compiled Java code, j=interpreted, Vv=VM code)
j  org.sqlite.NativeDB.prepare(Ljava/lang/String;)J+0
j  org.sqlite.DB.prepare(Lorg/sqlite/Stmt;)V+21
j  org.sqlite.Stmt.executeQuery(Ljava/lang/String;)Ljava/sql/ResultSet;+14
j  com.example.demo4.FileReader.AllTasks()[[Ljava/lang/String;+23 com.example.demo4
j  com.example.demo4.Controller2.<init>()V+15 com.example.demo4
v  ~StubRoutines::call_stub
j  jdk.internal.reflect.NativeConstructorAccessorImpl.newInstance0(Ljava/lang/reflect/Constructor;[Ljava/lang/Object;)Ljava/lang/Object;+0 java.base@17.0.2
j  jdk.internal.reflect.NativeConstructorAccessorImpl.newInstance([Ljava/lang/Object;)Ljava/lang/Object;+118 java.base@17.0.2
j  jdk.internal.reflect.DelegatingConstructorAccessorImpl.newInstance([Ljava/lang/Object;)Ljava/lang/Object;+5 java.base@17.0.2
j  java.lang.reflect.Constructor.newInstanceWithCaller([Ljava/lang/Object;ZLjava/lang/Class;)Ljava/lang/Object;+65 java.base@17.0.2
j  java.lang.reflect.Constructor.newInstance([Ljava/lang/Object;)Ljava/lang/Object;+30 java.base@17.0.2
j  javafx.fxml.FXMLLoader$ValueElement.processAttribute(Ljava/lang/String;Ljava/lang/String;Ljava/lang/String;)V+222 javafx.fxml
j  javafx.fxml.FXMLLoader$InstanceDeclarationElement.processAttribute(Ljava/lang/String;Ljava/lang/String;Ljava/lang/String;)V+68 javafx.fxml
j  javafx.fxml.FXMLLoader$Element.processStartElement()V+115 javafx.fxml
j  javafx.fxml.FXMLLoader$ValueElement.processStartElement()V+1 javafx.fxml
j  javafx.fxml.FXMLLoader.processStartElement()V+8 javafx.fxml
j  javafx.fxml.FXMLLoader.loadImpl(Ljava/io/InputStream;Ljava/lang/Class;)Ljava/lang/Object;+207 javafx.fxml
j  javafx.fxml.FXMLLoader.loadImpl(Ljava/lang/Class;)Ljava/lang/Object;+31 javafx.fxml
j  javafx.fxml.FXMLLoader.load()Ljava/lang/Object;+17 javafx.fxml
j  com.example.demo4.app.start(Ljavafx/stage/Stage;)V+20 com.example.demo4
j  com.sun.javafx.application.LauncherImpl.lambda$launchApplication1$9(Ljava/util/concurrent/atomic/AtomicBoolean;Ljavafx/application/Application;)V+20 javafx.graphics
j  com.sun.javafx.application.LauncherImpl$$Lambda$113+0x0000000800c860f8.run()V+8 javafx.graphics
j  com.sun.javafx.application.PlatformImpl.lambda$runAndWait$12(Ljava/lang/Runnable;Ljava/util/concurrent/CountDownLatch;)V+1 javafx.graphics
j  com.sun.javafx.application.PlatformImpl$$Lambda$93+0x0000000800c3f640.run()V+8 javafx.graphics
j  com.sun.javafx.application.PlatformImpl.lambda$runLater$10(Ljava/lang/Runnable;)Ljava/lang/Void;+1 javafx.graphics
j  com.sun.javafx.application.PlatformImpl$$Lambda$95+0x0000000800c84c38.run()Ljava/lang/Object;+4 javafx.graphics
J 884 c1 java.security.AccessController.executePrivileged(Ljava/security/PrivilegedAction;Ljava/security/AccessControlContext;Ljava/lang/Class;)Ljava/lang/Object; java.base@17.0.2 (65 bytes) @ 0x0000021014c9fcbc [0x0000021014c9fb60+0x000000000000015c]
j  java.security.AccessController.doPrivileged(Ljava/security/PrivilegedAction;Ljava/security/AccessControlContext;)Ljava/lang/Object;+13 java.base@17.0.2
j  com.sun.javafx.application.PlatformImpl.lambda$runLater$11(Ljava/lang/Runnable;Ljava/security/AccessControlContext;)V+7 javafx.graphics
j  com.sun.javafx.application.PlatformImpl$$Lambda$94+0x0000000800c3f860.run()V+8 javafx.graphics
j  com.sun.glass.ui.InvokeLaterDispatcher$Future.run()V+4 javafx.graphics
v  ~StubRoutines::call_stub
j  com.sun.glass.ui.win.WinApplication._runLoop(Ljava/lang/Runnable;)V+0 javafx.graphics
j  com.sun.glass.ui.win.WinApplication.lambda$runLoop$3(ILjava/lang/Runnable;)V+8 javafx.graphics
j  com.sun.glass.ui.win.WinApplication$$Lambda$83+0x0000000800c29800.run()V+12 javafx.graphics
j  java.lang.Thread.run()V+11 java.base@17.0.2
v  ~StubRoutines::call_stub

siginfo: EXCEPTION_ACCESS_VIOLATION (0xc0000005), reading address 0x0000000000000000


Register to memory mapping:

RIP=0x00007ff8d04fc7f0 jvm.dll
RAX=0x0 is NULL
RBX=0x000002102ba54ff0 is a thread
RCX=0x0 is NULL
RDX=0x0 is NULL
RSP=0x000000d5538fcf68 is pointing into the stack for thread: 0x000002102ba54ff0
RBP=0x0000021031d041a8 points into unknown readable memory: 0x00000000693b28e0 | e0 28 3b 69 00 00 00 00
RSI=0x0 is NULL
RDI=0x0 is NULL
R8 =0x0 is NULL
R9 =0x0000000089050690 is an oop: org.sqlite.NativeDB 
{0x0000000089050690} - klass: 'org/sqlite/NativeDB'
 - ---- fields (total size 7 words):
 - 'conn' 'Lorg/sqlite/Conn;' @12  a 'org/sqlite/Conn'{0x00000000891ff7a8} (891ff7a8)
 - 'begin' 'J' @16  0 (0 0)
 - 'commit' 'J' @24  0 (0 0)
 - private final 'stmts' 'Ljava/util/Map;' @32  a 'java/util/HashMap'{0x00000000890506c8} (890506c8)
 - 'pointer' 'J' @40  2268578464168 (31d041a8 210)
 - private final 'udfdatalist' 'J' @48  0 (0 0)
R10=0x00007ff8d1074130 jvm.dll
R11=0x0000000000000002 is an unknown value
R12=0x000000d5538fd110 is pointing into the stack for thread: 0x000002102ba54ff0
R13=0x000002102aec5dd0 is pointing into metadata
R14=0x0 is NULL
R15=0x000002102ba54ff0 is a thread


Registers:
RAX=0x0000000000000000, RBX=0x000002102ba54ff0, RCX=0x0000000000000000, RDX=0x0000000000000000
RSP=0x000000d5538fcf68, RBP=0x0000021031d041a8, RSI=0x0000000000000000, RDI=0x0000000000000000
R8 =0x0000000000000000, R9 =0x0000000089050690, R10=0x00007ff8d1074130, R11=0x0000000000000002
R12=0x000000d5538fd110, R13=0x000002102aec5dd0, R14=0x0000000000000000, R15=0x000002102ba54ff0
RIP=0x00007ff8d04fc7f0, EFLAGS=0x0000000000010246

Top of Stack: (sp=0x000000d5538fcf68)
0x000000d5538fcf68:   00007ff8d08d761a 000002100000000b
0x000000d5538fcf78:   0000000000000196 000002102aec5dd8
0x000000d5538fcf88:   000002102ba54ff0 000002102ba54ff0
0x000000d5538fcf98:   0000000000000000 000002102a545e00
0x000000d5538fcfa8:   0000000069341599 000002102ba54ff0
0x000000d5538fcfb8:   000000d5538fd110 0000000000000000
0x000000d5538fcfc8:   000000008906dbb8 0000000000000000
0x000000d5538fcfd8:   0000000000000000 000002102ba55298
0x000000d5538fcfe8:   0000000069342090 0000021031d041a8
0x000000d5538fcff8:   000000d5538fd110 000002102ba54ff0
0x000000d5538fd008:   00007ff8d08722f3 000002102aec5dd8
0x000000d5538fd018:   000002102ba54ff0 000000008906dbb8
0x000000d5538fd028:   00000210145adf32 000002102aec5dd8
0x000000d5538fd038:   0000000000000000 000000008906dbb8
0x000000d5538fd048:   000000d5538fd0e8 0000000000000000
0x000000d5538fd058:   00000210145ae0c5 000000008906dbb8 

Instructions: (pc=0x00007ff8d04fc7f0)
0x00007ff8d04fc6f0:   00 00 00 48 8b 41 38 48 8b 80 88 09 00 00 48 8b
0x00007ff8d04fc700:   48 08 48 8b 40 50 48 d3 ea 80 3c 02 01 0f 85 cd
0x00007ff8d04fc710:   00 00 00 48 8b 13 0f b6 c2 24 03 3c 03 75 19 48
0x00007ff8d04fc720:   83 e2 fc 74 13 48 3b da 74 11 48 8b c2 48 8b 5c
0x00007ff8d04fc730:   24 38 48 83 c4 20 5e c3 48 8b d3 48 8b 46 38 0f
0x00007ff8d04fc740:   be 88 f0 02 00 00 c1 e9 02 f6 c1 01 74 dc 48 89
0x00007ff8d04fc750:   7c 24 30 e8 28 e5 ff ff 48 8b 0d 09 40 b9 00 48
0x00007ff8d04fc760:   8b f8 48 81 c1 90 09 00 00 8b 41 40 0f b6 57 21
0x00007ff8d04fc770:   8d 42 01 88 47 21 84 d2 75 0a 48 8b d7 e8 2e 83
0x00007ff8d04fc780:   6f 00 eb 20 80 7f 22 00 75 1a 8b 41 40 85 05 c1
0x00007ff8d04fc790:   ac 9a 00 74 0f b8 ff ff ff ff f0 0f c1 41 40 e8
0x00007ff8d04fc7a0:   5c 83 6f 00 48 8b 4e 38 4c 8b c7 48 8b d3 e8 dd
0x00007ff8d04fc7b0:   f7 ff ff 0f b6 4f 21 48 8b d8 48 8b 15 a7 3f b9
0x00007ff8d04fc7c0:   00 8d 41 ff 88 47 21 80 f9 01 77 0f 48 8d 8a 90
0x00007ff8d04fc7d0:   09 00 00 48 8b d7 e8 05 83 6f 00 48 8b 7c 24 30
0x00007ff8d04fc7e0:   48 8b c3 48 8b 5c 24 38 48 83 c4 20 5e c3 cc cc
0x00007ff8d04fc7f0:   48 8b 01 c3 cc cc cc cc cc cc cc cc cc cc cc cc
0x00007ff8d04fc800:   4c 8b 01 4c 8b c9 48 8b 0d 83 d1 b4 00 ba 44 60
0x00007ff8d04fc810:   08 00 e9 59 f2 ff ff cc cc cc cc cc cc cc cc cc
0x00007ff8d04fc820:   48 89 5c 24 08 57 48 83 ec 20 48 8b 39 48 8b d9
0x00007ff8d04fc830:   48 85 3d 91 ae b9 00 75 0e 48 8b c7 48 8b 5c 24
0x00007ff8d04fc840:   30 48 83 c4 20 5f c3 48 8b cf e8 c1 47 85 00 48
0x00007ff8d04fc850:   8b d0 48 85 c0 74 20 48 8b c7 f0 48 0f b1 13 74
0x00007ff8d04fc860:   16 48 85 05 60 ae b9 00 74 0d 48 8b c8 f0 48 0f
0x00007ff8d04fc870:   b1 13 48 3b c1 75 ea 48 8b 5c 24 30 48 8b c2 48
0x00007ff8d04fc880:   83 c4 20 5f c3 cc cc cc cc cc cc cc cc cc cc cc
0x00007ff8d04fc890:   4c 8b 01 4c 8b c9 48 8b 0d f3 d0 b4 00 ba 64 60
0x00007ff8d04fc8a0:   08 00 e9 c9 f1 ff ff cc cc cc cc cc cc cc cc cc
0x00007ff8d04fc8b0:   8b 05 32 1a af 00 c3 cc cc cc cc cc cc cc cc cc
0x00007ff8d04fc8c0:   0f b6 05 28 d9 b5 00 48 8b d1 84 c0 74 16 44 8b
0x00007ff8d04fc8d0:   41 08 8b 0d 10 1a af 00 49 d3 e0 4c 03 05 fe 19
0x00007ff8d04fc8e0:   af 00 eb 04 4c 8b 41 08 45 8b 50 08 45 85 d2 7e 


Stack slot to memory mapping:
stack at sp + 0 slots: 0x00007ff8d08d761a jvm.dll
stack at sp + 1 slots: 0x000002100000000b is an unknown value
stack at sp + 2 slots: 0x0000000000000196 is an unknown value
stack at sp + 3 slots: {method} {0x000002102aec5de0} 'prepare' '(Ljava/lang/String;)J' in 'org/sqlite/NativeDB'
stack at sp + 4 slots: 0x000002102ba54ff0 is a thread
stack at sp + 5 slots: 0x000002102ba54ff0 is a thread
stack at sp + 6 slots: 0x0 is NULL
stack at sp + 7 slots: 0x000002102a545e00 points into unknown readable memory: 0x696c71732e67726f | 6f 72 67 2e 73 71 6c 69


---------------  P R O C E S S  ---------------

Threads class SMR info:
_java_thread_list=0x0000021030d84840, length=18, elements={
0x000002100cad5330, 0x000002102a52b960, 0x000002102a52d3f0, 0x000002102a53fea0,
0x000002102a541670, 0x000002102a543d40, 0x000002102a548310, 0x000002102a548c00,
0x000002102a54a2c0, 0x000002102a5ad6d0, 0x000002102a518f50, 0x000002102b4971e0,
0x000002102b4976b0, 0x000002102b69c540, 0x000002102ba56d80, 0x000002102ba54ff0,
0x0000021030d98460, 0x000002102ba78d00
}

Java Threads: ( => current thread )
  0x000002100cad5330 JavaThread "main" [_thread_blocked, id=10364, stack(0x000000d551f00000,0x000000d552000000)]
  0x000002102a52b960 JavaThread "Reference Handler" daemon [_thread_blocked, id=9488, stack(0x000000d552600000,0x000000d552700000)]
  0x000002102a52d3f0 JavaThread "Finalizer" daemon [_thread_blocked, id=9208, stack(0x000000d552700000,0x000000d552800000)]
  0x000002102a53fea0 JavaThread "Signal Dispatcher" daemon [_thread_blocked, id=13632, stack(0x000000d552800000,0x000000d552900000)]
  0x000002102a541670 JavaThread "Attach Listener" daemon [_thread_blocked, id=14912, stack(0x000000d552900000,0x000000d552a00000)]
  0x000002102a543d40 JavaThread "Service Thread" daemon [_thread_blocked, id=14700, stack(0x000000d552a00000,0x000000d552b00000)]
  0x000002102a548310 JavaThread "Monitor Deflation Thread" daemon [_thread_blocked, id=8304, stack(0x000000d552b00000,0x000000d552c00000)]
  0x000002102a548c00 JavaThread "C2 CompilerThread0" daemon [_thread_blocked, id=5308, stack(0x000000d552c00000,0x000000d552d00000)]
  0x000002102a54a2c0 JavaThread "C1 CompilerThread0" daemon [_thread_blocked, id=7880, stack(0x000000d552d00000,0x000000d552e00000)]
  0x000002102a5ad6d0 JavaThread "Sweeper thread" daemon [_thread_blocked, id=12144, stack(0x000000d552e00000,0x000000d552f00000)]
  0x000002102a518f50 JavaThread "Common-Cleaner" daemon [_thread_blocked, id=10184, stack(0x000000d552f00000,0x000000d553000000)]
  0x000002102b4971e0 JavaThread "Monitor Ctrl-Break" daemon [_thread_in_native, id=13076, stack(0x000000d553100000,0x000000d553200000)]
  0x000002102b4976b0 JavaThread "Notification Thread" daemon [_thread_blocked, id=11652, stack(0x000000d553200000,0x000000d553300000)]
  0x000002102b69c540 JavaThread "QuantumRenderer-0" daemon [_thread_blocked, id=14832, stack(0x000000d553400000,0x000000d553500000)]
  0x000002102ba56d80 JavaThread "InvokeLaterDispatcher" daemon [_thread_blocked, id=9632, stack(0x000000d553700000,0x000000d553800000)]
=>0x000002102ba54ff0 JavaThread "JavaFX Application Thread" [_thread_in_vm, id=15344, stack(0x000000d553800000,0x000000d553900000)]
  0x0000021030d98460 JavaThread "Thread-1" daemon [_thread_in_native, id=13656, stack(0x000000d553c00000,0x000000d553d00000)]
  0x000002102ba78d00 JavaThread "JavaFX-Launcher" [_thread_blocked, id=12052, stack(0x000000d553d00000,0x000000d553e00000)]

Other Threads:
  0x000002102a526910 VMThread "VM Thread" [stack: 0x000000d552500000,0x000000d552600000] [id=2296]
  0x000002100aa2a440 WatcherThread [stack: 0x000000d553300000,0x000000d553400000] [id=4416]
  0x000002100cb14710 GCTaskThread "GC Thread#0" [stack: 0x000000d552000000,0x000000d552100000] [id=14868]
  0x000002102b9128b0 GCTaskThread "GC Thread#1" [stack: 0x000000d553500000,0x000000d553600000] [id=13732]
  0x000002102b967c30 GCTaskThread "GC Thread#2" [stack: 0x000000d553600000,0x000000d553700000] [id=816]
  0x000002102b9846a0 GCTaskThread "GC Thread#3" [stack: 0x000000d553000000,0x000000d553100000] [id=12556]
  0x000002100cb263b0 ConcurrentGCThread "G1 Main Marker" [stack: 0x000000d552100000,0x000000d552200000] [id=14800]
  0x000002100cb27560 ConcurrentGCThread "G1 Conc#0" [stack: 0x000000d552200000,0x000000d552300000] [id=11392]
  0x000002100cb9fb50 ConcurrentGCThread "G1 Refine#0" [stack: 0x000000d552300000,0x000000d552400000] [id=9480]
  0x000002100cba1260 ConcurrentGCThread "G1 Service" [stack: 0x000000d552400000,0x000000d552500000] [id=8548]

Threads with active compile tasks:

VM state: not at safepoint (normal execution)

VM Mutex/Monitor currently owned by a thread: None

Heap address: 0x0000000081c00000, size: 2020 MB, Compressed Oops mode: 32-bit

CDS archive(s) mapped at: [0x0000000800000000-0x0000000800bc0000-0x0000000800bc0000), size 12320768, SharedBaseAddress: 0x0000000800000000, ArchiveRelocationMode: 0.
Compressed class space mapped at: 0x0000000800c00000-0x0000000840c00000, reserved size: 1073741824
Narrow klass base: 0x0000000800000000, Narrow klass shift: 0, Narrow klass range: 0x100000000

GC Precious Log:
 CPUs: 4 total, 4 available
 Memory: 8072M
 Large Page Support: Disabled
 NUMA Support: Disabled
 Compressed Oops: Enabled (32-bit)
 Heap Region Size: 1M
 Heap Min Capacity: 8M
 Heap Initial Capacity: 128M
 Heap Max Capacity: 2020M
 Pre-touch: Disabled
 Parallel Workers: 4
 Concurrent Workers: 1
 Concurrent Refinement Workers: 4
 Periodic GC: Disabled

Heap:
 garbage-first heap   total 131072K, used 12047K [0x0000000081c00000, 0x0000000100000000)
  region size 1024K, 14 young (14336K), 2 survivors (2048K)
 Metaspace       used 7028K, committed 7296K, reserved 1056768K
  class space    used 824K, committed 960K, reserved 1048576K

Heap Regions: E=young(eden), S=young(survivor), O=old, HS=humongous(starts), HC=humongous(continues), CS=collection set, F=free, OA=open archive, CA=closed archive, TAMS=top-at-mark-start (previous, next)
|   0|0x0000000081c00000, 0x0000000081c00000, 0x0000000081d00000|  0%| F|  |TAMS 0x0000000081c00000, 0x0000000081c00000| Untracked 
|   1|0x0000000081d00000, 0x0000000081d00000, 0x0000000081e00000|  0%| F|  |TAMS 0x0000000081d00000, 0x0000000081d00000| Untracked 
|   2|0x0000000081e00000, 0x0000000081e00000, 0x0000000081f00000|  0%| F|  |TAMS 0x0000000081e00000, 0x0000000081e00000| Untracked 
|   3|0x0000000081f00000, 0x0000000081f00000, 0x0000000082000000|  0%| F|  |TAMS 0x0000000081f00000, 0x0000000081f00000| Untracked 
|   4|0x0000000082000000, 0x0000000082000000, 0x0000000082100000|  0%| F|  |TAMS 0x0000000082000000, 0x0000000082000000| Untracked 
|   5|0x0000000082100000, 0x0000000082100000, 0x0000000082200000|  0%| F|  |TAMS 0x0000000082100000, 0x0000000082100000| Untracked 
|   6|0x0000000082200000, 0x0000000082200000, 0x0000000082300000|  0%| F|  |TAMS 0x0000000082200000, 0x0000000082200000| Untracked 
|   7|0x0000000082300000, 0x0000000082300000, 0x0000000082400000|  0%| F|  |TAMS 0x0000000082300000, 0x0000000082300000| Untracked 
|   8|0x0000000082400000, 0x0000000082400000, 0x0000000082500000|  0%| F|  |TAMS 0x0000000082400000, 0x0000000082400000| Untracked 
|   9|0x0000000082500000, 0x0000000082500000, 0x0000000082600000|  0%| F|  |TAMS 0x0000000082500000, 0x0000000082500000| Untracked 
|  10|0x0000000082600000, 0x0000000082600000, 0x0000000082700000|  0%| F|  |TAMS 0x0000000082600000, 0x0000000082600000| Untracked 
|  11|0x0000000082700000, 0x0000000082700000, 0x0000000082800000|  0%| F|  |TAMS 0x0000000082700000, 0x0000000082700000| Untracked 
|  12|0x0000000082800000, 0x0000000082800000, 0x0000000082900000|  0%| F|  |TAMS 0x0000000082800000, 0x0000000082800000| Untracked 
|  13|0x0000000082900000, 0x0000000082900000, 0x0000000082a00000|  0%| F|  |TAMS 0x0000000082900000, 0x0000000082900000| Untracked 
|  14|0x0000000082a00000, 0x0000000082a00000, 0x0000000082b00000|  0%| F|  |TAMS 0x0000000082a00000, 0x0000000082a00000| Untracked 
|  15|0x0000000082b00000, 0x0000000082b00000, 0x0000000082c00000|  0%| F|  |TAMS 0x0000000082b00000, 0x0000000082b00000| Untracked 
|  16|0x0000000082c00000, 0x0000000082c00000, 0x0000000082d00000|  0%| F|  |TAMS 0x0000000082c00000, 0x0000000082c00000| Untracked 
|  17|0x0000000082d00000, 0x0000000082d00000, 0x0000000082e00000|  0%| F|  |TAMS 0x0000000082d00000, 0x0000000082d00000| Untracked 
|  18|0x0000000082e00000, 0x0000000082e00000, 0x0000000082f00000|  0%| F|  |TAMS 0x0000000082e00000, 0x0000000082e00000| Untracked 
|  19|0x0000000082f00000, 0x0000000082f00000, 0x0000000083000000|  0%| F|  |TAMS 0x0000000082f00000, 0x0000000082f00000| Untracked 
|  20|0x0000000083000000, 0x0000000083000000, 0x0000000083100000|  0%| F|  |TAMS 0x0000000083000000, 0x0000000083000000| Untracked 
|  21|0x0000000083100000, 0x0000000083100000, 0x0000000083200000|  0%| F|  |TAMS 0x0000000083100000, 0x0000000083100000| Untracked 
|  22|0x0000000083200000, 0x0000000083200000, 0x0000000083300000|  0%| F|  |TAMS 0x0000000083200000, 0x0000000083200000| Untracked 
|  23|0x0000000083300000, 0x0000000083300000, 0x0000000083400000|  0%| F|  |TAMS 0x0000000083300000, 0x0000000083300000| Untracked 
|  24|0x0000000083400000, 0x0000000083400000, 0x0000000083500000|  0%| F|  |TAMS 0x0000000083400000, 0x0000000083400000| Untracked 
|  25|0x0000000083500000, 0x0000000083500000, 0x0000000083600000|  0%| F|  |TAMS 0x0000000083500000, 0x0000000083500000| Untracked 
|  26|0x0000000083600000, 0x0000000083600000, 0x0000000083700000|  0%| F|  |TAMS 0x0000000083600000, 0x0000000083600000| Untracked 
|  27|0x0000000083700000, 0x0000000083700000, 0x0000000083800000|  0%| F|  |TAMS 0x0000000083700000, 0x0000000083700000| Untracked 
|  28|0x0000000083800000, 0x0000000083800000, 0x0000000083900000|  0%| F|  |TAMS 0x0000000083800000, 0x0000000083800000| Untracked 
|  29|0x0000000083900000, 0x0000000083900000, 0x0000000083a00000|  0%| F|  |TAMS 0x0000000083900000, 0x0000000083900000| Untracked 
|  30|0x0000000083a00000, 0x0000000083a00000, 0x0000000083b00000|  0%| F|  |TAMS 0x0000000083a00000, 0x0000000083a00000| Untracked 
|  31|0x0000000083b00000, 0x0000000083b00000, 0x0000000083c00000|  0%| F|  |TAMS 0x0000000083b00000, 0x0000000083b00000| Untracked 
|  32|0x0000000083c00000, 0x0000000083c00000, 0x0000000083d00000|  0%| F|  |TAMS 0x0000000083c00000, 0x0000000083c00000| Untracked 
|  33|0x0000000083d00000, 0x0000000083d00000, 0x0000000083e00000|  0%| F|  |TAMS 0x0000000083d00000, 0x0000000083d00000| Untracked 
|  34|0x0000000083e00000, 0x0000000083e00000, 0x0000000083f00000|  0%| F|  |TAMS 0x0000000083e00000, 0x0000000083e00000| Untracked 
|  35|0x0000000083f00000, 0x0000000083f00000, 0x0000000084000000|  0%| F|  |TAMS 0x0000000083f00000, 0x0000000083f00000| Untracked 
|  36|0x0000000084000000, 0x0000000084000000, 0x0000000084100000|  0%| F|  |TAMS 0x0000000084000000, 0x0000000084000000| Untracked 
|  37|0x0000000084100000, 0x0000000084100000, 0x0000000084200000|  0%| F|  |TAMS 0x0000000084100000, 0x0000000084100000| Untracked 
|  38|0x0000000084200000, 0x0000000084200000, 0x0000000084300000|  0%| F|  |TAMS 0x0000000084200000, 0x0000000084200000| Untracked 
|  39|0x0000000084300000, 0x0000000084300000, 0x0000000084400000|  0%| F|  |TAMS 0x0000000084300000, 0x0000000084300000| Untracked 
|  40|0x0000000084400000, 0x0000000084400000, 0x0000000084500000|  0%| F|  |TAMS 0x0000000084400000, 0x0000000084400000| Untracked 
|  41|0x0000000084500000, 0x0000000084500000, 0x0000000084600000|  0%| F|  |TAMS 0x0000000084500000, 0x0000000084500000| Untracked 
|  42|0x0000000084600000, 0x0000000084600000, 0x0000000084700000|  0%| F|  |TAMS 0x0000000084600000, 0x0000000084600000| Untracked 
|  43|0x0000000084700000, 0x0000000084700000, 0x0000000084800000|  0%| F|  |TAMS 0x0000000084700000, 0x0000000084700000| Untracked 
|  44|0x0000000084800000, 0x0000000084800000, 0x0000000084900000|  0%| F|  |TAMS 0x0000000084800000, 0x0000000084800000| Untracked 
|  45|0x0000000084900000, 0x0000000084900000, 0x0000000084a00000|  0%| F|  |TAMS 0x0000000084900000, 0x0000000084900000| Untracked 
|  46|0x0000000084a00000, 0x0000000084a00000, 0x0000000084b00000|  0%| F|  |TAMS 0x0000000084a00000, 0x0000000084a00000| Untracked 
|  47|0x0000000084b00000, 0x0000000084b00000, 0x0000000084c00000|  0%| F|  |TAMS 0x0000000084b00000, 0x0000000084b00000| Untracked 
|  48|0x0000000084c00000, 0x0000000084c00000, 0x0000000084d00000|  0%| F|  |TAMS 0x0000000084c00000, 0x0000000084c00000| Untracked 
|  49|0x0000000084d00000, 0x0000000084d00000, 0x0000000084e00000|  0%| F|  |TAMS 0x0000000084d00000, 0x0000000084d00000| Untracked 
|  50|0x0000000084e00000, 0x0000000084e00000, 0x0000000084f00000|  0%| F|  |TAMS 0x0000000084e00000, 0x0000000084e00000| Untracked 
|  51|0x0000000084f00000, 0x0000000084f00000, 0x0000000085000000|  0%| F|  |TAMS 0x0000000084f00000, 0x0000000084f00000| Untracked 
|  52|0x0000000085000000, 0x0000000085000000, 0x0000000085100000|  0%| F|  |TAMS 0x0000000085000000, 0x0000000085000000| Untracked 
|  53|0x0000000085100000, 0x0000000085100000, 0x0000000085200000|  0%| F|  |TAMS 0x0000000085100000, 0x0000000085100000| Untracked 
|  54|0x0000000085200000, 0x0000000085200000, 0x0000000085300000|  0%| F|  |TAMS 0x0000000085200000, 0x0000000085200000| Untracked 
|  55|0x0000000085300000, 0x0000000085300000, 0x0000000085400000|  0%| F|  |TAMS 0x0000000085300000, 0x0000000085300000| Untracked 
|  56|0x0000000085400000, 0x0000000085400000, 0x0000000085500000|  0%| F|  |TAMS 0x0000000085400000, 0x0000000085400000| Untracked 
|  57|0x0000000085500000, 0x0000000085500000, 0x0000000085600000|  0%| F|  |TAMS 0x0000000085500000, 0x0000000085500000| Untracked 
|  58|0x0000000085600000, 0x0000000085600000, 0x0000000085700000|  0%| F|  |TAMS 0x0000000085600000, 0x0000000085600000| Untracked 
|  59|0x0000000085700000, 0x0000000085700000, 0x0000000085800000|  0%| F|  |TAMS 0x0000000085700000, 0x0000000085700000| Untracked 
|  60|0x0000000085800000, 0x0000000085800000, 0x0000000085900000|  0%| F|  |TAMS 0x0000000085800000, 0x0000000085800000| Untracked 
|  61|0x0000000085900000, 0x0000000085900000, 0x0000000085a00000|  0%| F|  |TAMS 0x0000000085900000, 0x0000000085900000| Untracked 
|  62|0x0000000085a00000, 0x0000000085a00000, 0x0000000085b00000|  0%| F|  |TAMS 0x0000000085a00000, 0x0000000085a00000| Untracked 
|  63|0x0000000085b00000, 0x0000000085b00000, 0x0000000085c00000|  0%| F|  |TAMS 0x0000000085b00000, 0x0000000085b00000| Untracked 
|  64|0x0000000085c00000, 0x0000000085c00000, 0x0000000085d00000|  0%| F|  |TAMS 0x0000000085c00000, 0x0000000085c00000| Untracked 
|  65|0x0000000085d00000, 0x0000000085d00000, 0x0000000085e00000|  0%| F|  |TAMS 0x0000000085d00000, 0x0000000085d00000| Untracked 
|  66|0x0000000085e00000, 0x0000000085e00000, 0x0000000085f00000|  0%| F|  |TAMS 0x0000000085e00000, 0x0000000085e00000| Untracked 
|  67|0x0000000085f00000, 0x0000000085f00000, 0x0000000086000000|  0%| F|  |TAMS 0x0000000085f00000, 0x0000000085f00000| Untracked 
|  68|0x0000000086000000, 0x0000000086000000, 0x0000000086100000|  0%| F|  |TAMS 0x0000000086000000, 0x0000000086000000| Untracked 
|  69|0x0000000086100000, 0x0000000086100000, 0x0000000086200000|  0%| F|  |TAMS 0x0000000086100000, 0x0000000086100000| Untracked 
|  70|0x0000000086200000, 0x0000000086200000, 0x0000000086300000|  0%| F|  |TAMS 0x0000000086200000, 0x0000000086200000| Untracked 
|  71|0x0000000086300000, 0x0000000086300000, 0x0000000086400000|  0%| F|  |TAMS 0x0000000086300000, 0x0000000086300000| Untracked 
|  72|0x0000000086400000, 0x0000000086400000, 0x0000000086500000|  0%| F|  |TAMS 0x0000000086400000, 0x0000000086400000| Untracked 
|  73|0x0000000086500000, 0x0000000086500000, 0x0000000086600000|  0%| F|  |TAMS 0x0000000086500000, 0x0000000086500000| Untracked 
|  74|0x0000000086600000, 0x0000000086600000, 0x0000000086700000|  0%| F|  |TAMS 0x0000000086600000, 0x0000000086600000| Untracked 
|  75|0x0000000086700000, 0x0000000086700000, 0x0000000086800000|  0%| F|  |TAMS 0x0000000086700000, 0x0000000086700000| Untracked 
|  76|0x0000000086800000, 0x0000000086800000, 0x0000000086900000|  0%| F|  |TAMS 0x0000000086800000, 0x0000000086800000| Untracked 
|  77|0x0000000086900000, 0x0000000086900000, 0x0000000086a00000|  0%| F|  |TAMS 0x0000000086900000, 0x0000000086900000| Untracked 
|  78|0x0000000086a00000, 0x0000000086a00000, 0x0000000086b00000|  0%| F|  |TAMS 0x0000000086a00000, 0x0000000086a00000| Untracked 
|  79|0x0000000086b00000, 0x0000000086b00000, 0x0000000086c00000|  0%| F|  |TAMS 0x0000000086b00000, 0x0000000086b00000| Untracked 
|  80|0x0000000086c00000, 0x0000000086c00000, 0x0000000086d00000|  0%| F|  |TAMS 0x0000000086c00000, 0x0000000086c00000| Untracked 
|  81|0x0000000086d00000, 0x0000000086d00000, 0x0000000086e00000|  0%| F|  |TAMS 0x0000000086d00000, 0x0000000086d00000| Untracked 
|  82|0x0000000086e00000, 0x0000000086e00000, 0x0000000086f00000|  0%| F|  |TAMS 0x0000000086e00000, 0x0000000086e00000| Untracked 
|  83|0x0000000086f00000, 0x0000000086f00000, 0x0000000087000000|  0%| F|  |TAMS 0x0000000086f00000, 0x0000000086f00000| Untracked 
|  84|0x0000000087000000, 0x0000000087000000, 0x0000000087100000|  0%| F|  |TAMS 0x0000000087000000, 0x0000000087000000| Untracked 
|  85|0x0000000087100000, 0x0000000087100000, 0x0000000087200000|  0%| F|  |TAMS 0x0000000087100000, 0x0000000087100000| Untracked 
|  86|0x0000000087200000, 0x0000000087200000, 0x0000000087300000|  0%| F|  |TAMS 0x0000000087200000, 0x0000000087200000| Untracked 
|  87|0x0000000087300000, 0x0000000087300000, 0x0000000087400000|  0%| F|  |TAMS 0x0000000087300000, 0x0000000087300000| Untracked 
|  88|0x0000000087400000, 0x0000000087400000, 0x0000000087500000|  0%| F|  |TAMS 0x0000000087400000, 0x0000000087400000| Untracked 
|  89|0x0000000087500000, 0x0000000087500000, 0x0000000087600000|  0%| F|  |TAMS 0x0000000087500000, 0x0000000087500000| Untracked 
|  90|0x0000000087600000, 0x0000000087600000, 0x0000000087700000|  0%| F|  |TAMS 0x0000000087600000, 0x0000000087600000| Untracked 
|  91|0x0000000087700000, 0x0000000087700000, 0x0000000087800000|  0%| F|  |TAMS 0x0000000087700000, 0x0000000087700000| Untracked 
|  92|0x0000000087800000, 0x0000000087800000, 0x0000000087900000|  0%| F|  |TAMS 0x0000000087800000, 0x0000000087800000| Untracked 
|  93|0x0000000087900000, 0x0000000087900000, 0x0000000087a00000|  0%| F|  |TAMS 0x0000000087900000, 0x0000000087900000| Untracked 
|  94|0x0000000087a00000, 0x0000000087a00000, 0x0000000087b00000|  0%| F|  |TAMS 0x0000000087a00000, 0x0000000087a00000| Untracked 
|  95|0x0000000087b00000, 0x0000000087b00000, 0x0000000087c00000|  0%| F|  |TAMS 0x0000000087b00000, 0x0000000087b00000| Untracked 
|  96|0x0000000087c00000, 0x0000000087c00000, 0x0000000087d00000|  0%| F|  |TAMS 0x0000000087c00000, 0x0000000087c00000| Untracked 
|  97|0x0000000087d00000, 0x0000000087d00000, 0x0000000087e00000|  0%| F|  |TAMS 0x0000000087d00000, 0x0000000087d00000| Untracked 
|  98|0x0000000087e00000, 0x0000000087e00000, 0x0000000087f00000|  0%| F|  |TAMS 0x0000000087e00000, 0x0000000087e00000| Untracked 
|  99|0x0000000087f00000, 0x0000000087f00000, 0x0000000088000000|  0%| F|  |TAMS 0x0000000087f00000, 0x0000000087f00000| Untracked 
| 100|0x0000000088000000, 0x0000000088000000, 0x0000000088100000|  0%| F|  |TAMS 0x0000000088000000, 0x0000000088000000| Untracked 
| 101|0x0000000088100000, 0x0000000088100000, 0x0000000088200000|  0%| F|  |TAMS 0x0000000088100000, 0x0000000088100000| Untracked 
| 102|0x0000000088200000, 0x0000000088200000, 0x0000000088300000|  0%| F|  |TAMS 0x0000000088200000, 0x0000000088200000| Untracked 
| 103|0x0000000088300000, 0x0000000088300000, 0x0000000088400000|  0%| F|  |TAMS 0x0000000088300000, 0x0000000088300000| Untracked 
| 104|0x0000000088400000, 0x0000000088400000, 0x0000000088500000|  0%| F|  |TAMS 0x0000000088400000, 0x0000000088400000| Untracked 
| 105|0x0000000088500000, 0x0000000088500000, 0x0000000088600000|  0%| F|  |TAMS 0x0000000088500000, 0x0000000088500000| Untracked 
| 106|0x0000000088600000, 0x0000000088600000, 0x0000000088700000|  0%| F|  |TAMS 0x0000000088600000, 0x0000000088600000| Untracked 
| 107|0x0000000088700000, 0x0000000088700000, 0x0000000088800000|  0%| F|  |TAMS 0x0000000088700000, 0x0000000088700000| Untracked 
| 108|0x0000000088800000, 0x0000000088800000, 0x0000000088900000|  0%| F|  |TAMS 0x0000000088800000, 0x0000000088800000| Untracked 
| 109|0x0000000088900000, 0x0000000088900000, 0x0000000088a00000|  0%| F|  |TAMS 0x0000000088900000, 0x0000000088900000| Untracked 
| 110|0x0000000088a00000, 0x0000000088a00000, 0x0000000088b00000|  0%| F|  |TAMS 0x0000000088a00000, 0x0000000088a00000| Untracked 
| 111|0x0000000088b00000, 0x0000000088b00000, 0x0000000088c00000|  0%| F|  |TAMS 0x0000000088b00000, 0x0000000088b00000| Untracked 
| 112|0x0000000088c00000, 0x0000000088c00000, 0x0000000088d00000|  0%| F|  |TAMS 0x0000000088c00000, 0x0000000088c00000| Untracked 
| 113|0x0000000088d00000, 0x0000000088dc3fe0, 0x0000000088e00000| 76%| S|CS|TAMS 0x0000000088d00000, 0x0000000088d00000| Complete 
| 114|0x0000000088e00000, 0x0000000088f00000, 0x0000000088f00000|100%| S|CS|TAMS 0x0000000088e00000, 0x0000000088e00000| Complete 
| 115|0x0000000088f00000, 0x0000000088f00000, 0x0000000089000000|  0%| F|  |TAMS 0x0000000088f00000, 0x0000000088f00000| Untracked 
| 116|0x0000000089000000, 0x000000008907c210, 0x0000000089100000| 48%| E|  |TAMS 0x0000000089000000, 0x0000000089000000| Complete 
| 117|0x0000000089100000, 0x0000000089200000, 0x0000000089200000|100%| E|  |TAMS 0x0000000089100000, 0x0000000089100000| Complete 
| 118|0x0000000089200000, 0x0000000089300000, 0x0000000089300000|100%| E|CS|TAMS 0x0000000089200000, 0x0000000089200000| Complete 
| 119|0x0000000089300000, 0x0000000089400000, 0x0000000089400000|100%| E|CS|TAMS 0x0000000089300000, 0x0000000089300000| Complete 
| 120|0x0000000089400000, 0x0000000089500000, 0x0000000089500000|100%| E|CS|TAMS 0x0000000089400000, 0x0000000089400000| Complete 
| 121|0x0000000089500000, 0x0000000089600000, 0x0000000089600000|100%| E|CS|TAMS 0x0000000089500000, 0x0000000089500000| Complete 
| 122|0x0000000089600000, 0x0000000089700000, 0x0000000089700000|100%| E|CS|TAMS 0x0000000089600000, 0x0000000089600000| Complete 
| 123|0x0000000089700000, 0x0000000089800000, 0x0000000089800000|100%| E|CS|TAMS 0x0000000089700000, 0x0000000089700000| Complete 
| 124|0x0000000089800000, 0x0000000089900000, 0x0000000089900000|100%| E|CS|TAMS 0x0000000089800000, 0x0000000089800000| Complete 
| 125|0x0000000089900000, 0x0000000089a00000, 0x0000000089a00000|100%| E|CS|TAMS 0x0000000089900000, 0x0000000089900000| Complete 
| 126|0x0000000089a00000, 0x0000000089b00000, 0x0000000089b00000|100%| E|CS|TAMS 0x0000000089a00000, 0x0000000089a00000| Complete 
| 127|0x0000000089b00000, 0x0000000089c00000, 0x0000000089c00000|100%| E|CS|TAMS 0x0000000089b00000, 0x0000000089b00000| Complete 

Card table byte_map: [0x00000210239a0000,0x0000021023da0000] _byte_map_base: 0x0000021023592000

Marking Bits (Prev, Next): (CMBitMap*) 0x000002100cb15d30, (CMBitMap*) 0x000002100cb15d70
 Prev Bits: [0x00000210241a0000, 0x0000021026130000)
 Next Bits: [0x0000021026130000, 0x00000210280c0000)

Polling page: 0x000002100aab0000

Metaspace:

Usage:
  Non-class:      6.06 MB used.
      Class:    824.92 KB used.
       Both:      6.86 MB used.

Virtual space:
  Non-class space:        8.00 MB reserved,       6.19 MB ( 77%) committed,  1 nodes.
      Class space:        1.00 GB reserved,     960.00 KB ( <1%) committed,  1 nodes.
             Both:        1.01 GB reserved,       7.12 MB ( <1%) committed. 

Chunk freelists:
   Non-Class:  1.05 MB
       Class:  2.98 MB
        Both:  4.03 MB

MaxMetaspaceSize: unlimited
CompressedClassSpaceSize: 1.00 GB
Initial GC threshold: 21.00 MB
Current GC threshold: 21.00 MB
CDS: on
MetaspaceReclaimPolicy: balanced
 - commit_granule_bytes: 65536.
 - commit_granule_words: 8192.
 - virtual_space_node_default_size: 1048576.
 - enlarge_chunks_in_place: 1.
 - new_chunks_are_fully_committed: 0.
 - uncommit_free_chunks: 1.
 - use_allocation_guard: 0.
 - handle_deallocations: 1.


Internal statistics:

num_allocs_failed_limit: 0.
num_arena_births: 106.
num_arena_deaths: 0.
num_vsnodes_births: 2.
num_vsnodes_deaths: 0.
num_space_committed: 114.
num_space_uncommitted: 0.
num_chunks_returned_to_freelist: 0.
num_chunks_taken_from_freelist: 268.
num_chunk_merges: 0.
num_chunk_splits: 189.
num_chunks_enlarged: 144.
num_purges: 0.
num_inconsistent_stats: 0.

CodeHeap 'non-profiled nmethods': size=120000Kb used=369Kb max_used=369Kb free=119630Kb
 bounds [0x000002101c070000, 0x000002101c2e0000, 0x00000210235a0000]
CodeHeap 'profiled nmethods': size=120000Kb used=1689Kb max_used=1689Kb free=118311Kb
 bounds [0x0000021014b40000, 0x0000021014db0000, 0x000002101c070000]
CodeHeap 'non-nmethods': size=5760Kb used=1213Kb max_used=1234Kb free=4546Kb
 bounds [0x00000210145a0000, 0x0000021014810000, 0x0000021014b40000]
 total_blobs=1553 nmethods=1030 adapters=436
 compilation: enabled
              stopped_count=0, restarted_count=0
 full_count=0

Compilation events (20 events):
Event: 1.476 Thread 0x000002102a548c00 1021       4       sun.security.provider.DigestBase::engineUpdate (32 bytes)
Event: 1.478 Thread 0x000002102a54a2c0 1022 % !   3       org.sqlite.SQLiteJDBCLoader::md5sum @ 25 (104 bytes)
Event: 1.480 Thread 0x000002102a54a2c0 nmethod 1022% 0x0000021014ce0a90 code [0x0000021014ce0e00, 0x0000021014ce2728]
Event: 1.481 Thread 0x000002102a54a2c0 1023   !   3       org.sqlite.SQLiteJDBCLoader::md5sum (104 bytes)
Event: 1.483 Thread 0x000002102a54a2c0 nmethod 1023 0x0000021014ce3390 code [0x0000021014ce3700, 0x0000021014ce4cc8]
Event: 1.485 Thread 0x000002102a548c00 nmethod 1021 0x000002101c0c6210 code [0x000002101c0c63a0, 0x000002101c0c6818]
Event: 1.485 Thread 0x000002102a548c00 1020       4       java.security.DigestInputStream::read (31 bytes)
Event: 1.498 Thread 0x000002102a548c00 nmethod 1020 0x000002101c0c6c10 code [0x000002101c0c6dc0, 0x000002101c0c7788]
Event: 1.498 Thread 0x000002102a548c00 1024 % !   4       org.sqlite.SQLiteJDBCLoader::md5sum @ 25 (104 bytes)
Event: 1.523 Thread 0x000002102a548c00 nmethod 1024% 0x000002101c0c7d90 code [0x000002101c0c7f60, 0x000002101c0c8c58]
Event: 1.541 Thread 0x000002102a54a2c0 1025       3       sun.security.provider.DigestBase::engineUpdate (32 bytes)
Event: 1.542 Thread 0x000002102a54a2c0 nmethod 1025 0x0000021014ce5810 code [0x0000021014ce59c0, 0x0000021014ce5c88]
Event: 1.542 Thread 0x000002102a548c00 1026       4       sun.security.provider.DigestBase::engineUpdate (32 bytes)
Event: 1.554 Thread 0x000002102a548c00 nmethod 1026 0x000002101c0c9490 code [0x000002101c0c9620, 0x000002101c0c9c58]
Event: 1.554 Thread 0x000002102a548c00 1027 % !   4       org.sqlite.SQLiteJDBCLoader::md5sum @ 25 (104 bytes)
Event: 1.597 Thread 0x000002102a548c00 nmethod 1027% 0x000002101c0ca090 code [0x000002101c0ca2c0, 0x000002101c0cb4d0]
Event: 1.597 Thread 0x000002102a548c00 1028       4       java.io.BufferedInputStream::getBufIfOpen (21 bytes)
Event: 1.598 Thread 0x000002102a548c00 nmethod 1028 0x000002101c0cbf10 code [0x000002101c0cc080, 0x000002101c0cc118]
Event: 1.618 Thread 0x000002102a54a2c0 1029       3       java.util.jar.JarFile::maybeInstantiateVerifier (42 bytes)
Event: 1.618 Thread 0x000002102a54a2c0 nmethod 1029 0x0000021014ce5d90 code [0x0000021014ce5f60, 0x0000021014ce62d8]

GC Heap History (2 events):
Event: 1.003 GC heap before
{Heap before GC invocations=0 (full 0):
 garbage-first heap   total 131072K, used 13312K [0x0000000081c00000, 0x0000000100000000)
  region size 1024K, 13 young (13312K), 0 survivors (0K)
 Metaspace       used 2864K, committed 3008K, reserved 1056768K
  class space    used 306K, committed 384K, reserved 1048576K
}
Event: 1.012 GC heap after
{Heap after GC invocations=1 (full 0):
 garbage-first heap   total 131072K, used 1807K [0x0000000081c00000, 0x0000000100000000)
  region size 1024K, 2 young (2048K), 2 survivors (2048K)
 Metaspace       used 2864K, committed 3008K, reserved 1056768K
  class space    used 306K, committed 384K, reserved 1048576K
}

Deoptimization events (20 events):
Event: 1.137 Thread 0x000002102b69c540 DEOPT PACKING pc=0x000002101c0a6238 sp=0x000000d5534fef50
Event: 1.137 Thread 0x000002102b69c540 DEOPT UNPACKING pc=0x00000210145f23a3 sp=0x000000d5534fef30 mode 2
Event: 1.258 Thread 0x000002102ba54ff0 Uncommon trap: trap_request=0xffffff45 fr.pc=0x000002101c0a5df4 relative=0x0000000000000074
Event: 1.258 Thread 0x000002102ba54ff0 Uncommon trap: reason=unstable_if action=reinterpret pc=0x000002101c0a5df4 method=jdk.internal.misc.Unsafe.convEndian(ZI)I @ 4 c2
Event: 1.258 Thread 0x000002102ba54ff0 DEOPT PACKING pc=0x000002101c0a5df4 sp=0x000000d5538fd1f0
Event: 1.258 Thread 0x000002102ba54ff0 DEOPT UNPACKING pc=0x00000210145f23a3 sp=0x000000d5538fd120 mode 2
Event: 1.524 Thread 0x000002102ba54ff0 DEOPT PACKING pc=0x0000021014ce2152 sp=0x000000d5538fc270
Event: 1.524 Thread 0x000002102ba54ff0 DEOPT UNPACKING pc=0x00000210145f2b43 sp=0x000000d5538fb7b8 mode 0
Event: 1.540 Thread 0x000002102ba54ff0 Uncommon trap: trap_request=0xffffff45 fr.pc=0x000002101c0c86d8 relative=0x0000000000000778
Event: 1.540 Thread 0x000002102ba54ff0 Uncommon trap: reason=unstable_if action=reinterpret pc=0x000002101c0c86d8 method=java.security.DigestInputStream.read()I @ 17 c2
Event: 1.540 Thread 0x000002102ba54ff0 DEOPT PACKING pc=0x000002101c0c86d8 sp=0x000000d5538fc2e0
Event: 1.540 Thread 0x000002102ba54ff0 DEOPT UNPACKING pc=0x00000210145f23a3 sp=0x000000d5538fc250 mode 2
Event: 1.540 Thread 0x000002102ba54ff0 Uncommon trap: trap_request=0xffffff45 fr.pc=0x000002101c08165c relative=0x000000000000015c
Event: 1.541 Thread 0x000002102ba54ff0 Uncommon trap: reason=unstable_if action=reinterpret pc=0x000002101c08165c method=java.lang.StringCoding.hasNegatives([BII)Z @ 12 c2
Event: 1.541 Thread 0x000002102ba54ff0 DEOPT PACKING pc=0x000002101c08165c sp=0x000000d5538fc0f0
Event: 1.541 Thread 0x000002102ba54ff0 DEOPT UNPACKING pc=0x00000210145f23a3 sp=0x000000d5538fc098 mode 2
Event: 1.541 Thread 0x000002102ba54ff0 Uncommon trap: trap_request=0xffffff45 fr.pc=0x000002101c0c679c relative=0x00000000000003fc
Event: 1.541 Thread 0x000002102ba54ff0 Uncommon trap: reason=unstable_if action=reinterpret pc=0x000002101c0c679c method=sun.security.provider.DigestBase.engineUpdate(B)V @ 4 c2
Event: 1.541 Thread 0x000002102ba54ff0 DEOPT PACKING pc=0x000002101c0c679c sp=0x000000d5538fc210
Event: 1.541 Thread 0x000002102ba54ff0 DEOPT UNPACKING pc=0x00000210145f23a3 sp=0x000000d5538fc1f0 mode 2

Classes unloaded (0 events):
No events

Classes redefined (0 events):
No events

Internal exceptions (18 events):
Event: 0.246 Thread 0x000002100cad5330 Exception <a 'java/lang/NoSuchMethodError'{0x0000000089abbec0}: 'void java.lang.invoke.DirectMethodHandle$Holder.invokeVirtual(java.lang.Object, java.lang.Object)'> (0x0000000089abbec0) 
thrown [e:\jenkins\tmp\workspace\build\src\src\hotspot\share\interpreter\linkResolver.cpp, line 766]
Event: 0.409 Thread 0x000002100cad5330 Exception <a 'java/lang/NoSuchMethodError'{0x00000000895719a0}: 'java.lang.Object java.lang.invoke.DirectMethodHandle$Holder.invokeStaticInit(java.lang.Object)'> (0x00000000895719a0) 
thrown [e:\jenkins\tmp\workspace\build\src\src\hotspot\share\interpreter\linkResolver.cpp, line 766]
Event: 0.415 Thread 0x000002100cad5330 Exception <a 'java/lang/NoSuchMethodError'{0x0000000089580648}: 'void java.lang.invoke.DirectMethodHandle$Holder.invokeStatic(java.lang.Object, java.lang.Object)'> (0x0000000089580648) 
thrown [e:\jenkins\tmp\workspace\build\src\src\hotspot\share\interpreter\linkResolver.cpp, line 766]
Event: 0.447 Thread 0x000002102b4971e0 Exception <a 'java/lang/ClassNotFoundException'{0x0000000089447e88}: jdk/net/ExtendedSocketOptions> (0x0000000089447e88) 
thrown [e:\jenkins\tmp\workspace\build\src\src\hotspot\share\classfile\systemDictionary.cpp, line 256]
Event: 0.977 Thread 0x000002100cad5330 Exception <a 'java/lang/NoSuchMethodError'{0x0000000088faa790}: 'void java.lang.invoke.DirectMethodHandle$Holder.invokeSpecial(java.lang.Object, java.lang.Object, java.lang.Object)'> (0x0000000088faa790) 
thrown [e:\jenkins\tmp\workspace\build\src\src\hotspot\share\interpreter\linkResolver.cpp, line 766]
Event: 0.997 Thread 0x000002100cad5330 Exception <a 'java/lang/NoSuchMethodError'{0x0000000088fe1158}: 'void java.lang.invoke.DirectMethodHandle$Holder.invokeStatic(java.lang.Object, java.lang.Object, java.lang.Object)'> (0x0000000088fe1158) 
thrown [e:\jenkins\tmp\workspace\build\src\src\hotspot\share\interpreter\linkResolver.cpp, line 766]
Event: 1.089 Thread 0x000002100cad5330 Exception <a 'java/lang/NoSuchMethodError'{0x00000000899170b0}: 'int java.lang.invoke.DirectMethodHandle$Holder.invokeStaticInit(java.lang.Object, java.lang.Object, java.lang.Object)'> (0x00000000899170b0) 
thrown [e:\jenkins\tmp\workspace\build\src\src\hotspot\share\interpreter\linkResolver.cpp, line 766]
Event: 1.125 Thread 0x000002100cad5330 Exception <a 'java/lang/NoSuchMethodError'{0x00000000899d8dd0}: 'java.lang.Object java.lang.invoke.DirectMethodHandle$Holder.newInvokeSpecial(java.lang.Object, java.lang.Object, int, java.lang.Object)'> (0x00000000899d8dd0) 
thrown [e:\jenkins\tmp\workspace\build\src\src\hotspot\share\interpreter\linkResolver.cpp, line 766]
Event: 1.125 Thread 0x000002100cad5330 Exception <a 'java/lang/NoSuchMethodError'{0x00000000899dd1b0}: 'java.lang.Object java.lang.invoke.DirectMethodHandle$Holder.invokeSpecial(java.lang.Object, java.lang.Object, java.lang.Object, int, java.lang.Object)'> (0x00000000899dd1b0) 
thrown [e:\jenkins\tmp\workspace\build\src\src\hotspot\share\interpreter\linkResolver.cpp, line 766]
Event: 1.227 Thread 0x000002102ba54ff0 Exception <a 'java/lang/NoSuchMethodError'{0x000000008964ec48}: 'void java.lang.invoke.DirectMethodHandle$Holder.invokeStaticInit(java.lang.Object)'> (0x000000008964ec48) 
thrown [e:\jenkins\tmp\workspace\build\src\src\hotspot\share\interpreter\linkResolver.cpp, line 766]
Event: 1.231 Thread 0x000002100cad5330 Exception <a 'java/lang/NoSuchMethodError'{0x00000000899f2370}: 'java.lang.Object java.lang.invoke.DirectMethodHandle$Holder.newInvokeSpecial(java.lang.Object, java.lang.Object, java.lang.Object, java.lang.Object, java.lang.Object, java.lang.Object)'> (0x00000000899f2370) 
thrown [e:\jenkins\tmp\workspace\build\src\src\hotspot\share\interpreter\linkResolver.cpp, line 766]
Event: 1.270 Thread 0x000002100cad5330 Exception <a 'java/lang/NoSuchMethodError'{0x0000000089523e18}: 'java.lang.Object java.lang.invoke.DirectMethodHandle$Holder.newInvokeSpecial(java.lang.Object, java.lang.Object, java.lang.Object, java.lang.Object, java.lang.Object)'> (0x0000000089523e18) 
thrown [e:\jenkins\tmp\workspace\build\src\src\hotspot\share\interpreter\linkResolver.cpp, line 766]
Event: 1.272 Thread 0x000002102ba78d00 Exception <a 'java/lang/NoSuchMethodError'{0x000000008955a010}: 'void java.lang.invoke.DirectMethodHandle$Holder.invokeStatic(java.lang.Object, java.lang.Object, java.lang.Object, java.lang.Object)'> (0x000000008955a010) 
thrown [e:\jenkins\tmp\workspace\build\src\src\hotspot\share\interpreter\linkResolver.cpp, line 766]
Event: 1.360 Thread 0x000002102ba54ff0 Exception <a 'sun/nio/fs/WindowsException'{0x00000000892b7558}> (0x00000000892b7558) 
thrown [e:\jenkins\tmp\workspace\build\src\src\hotspot\share\prims\jni.cpp, line 516]
Event: 1.426 Thread 0x000002102ba54ff0 Exception <a 'sun/nio/fs/WindowsException'{0x00000000891f5c68}> (0x00000000891f5c68) 
thrown [e:\jenkins\tmp\workspace\build\src\src\hotspot\share\prims\jni.cpp, line 516]
Event: 1.457 Thread 0x000002102ba54ff0 Exception <a 'sun/nio/fs/WindowsException'{0x000000008903ccd8}> (0x000000008903ccd8) 
thrown [e:\jenkins\tmp\workspace\build\src\src\hotspot\share\prims\jni.cpp, line 516]
Event: 1.458 Thread 0x000002102ba54ff0 Exception <a 'sun/nio/fs/WindowsException'{0x000000008903e300}> (0x000000008903e300) 
thrown [e:\jenkins\tmp\workspace\build\src\src\hotspot\share\prims\jni.cpp, line 516]
Event: 1.541 Thread 0x000002102ba54ff0 Implicit null exception at 0x000002101c0c63d3 to 0x000002101c0c6780

VM Operations (14 events):
Event: 0.344 Executing VM operation: HandshakeAllThreads
Event: 0.344 Executing VM operation: HandshakeAllThreads done
Event: 0.345 Executing VM operation: HandshakeAllThreads
Event: 0.345 Executing VM operation: HandshakeAllThreads done
Event: 0.434 Executing VM operation: HandshakeAllThreads
Event: 0.434 Executing VM operation: HandshakeAllThreads done
Event: 1.003 Executing VM operation: G1CollectForAllocation
Event: 1.012 Executing VM operation: G1CollectForAllocation done
Event: 1.107 Executing VM operation: HandshakeAllThreads
Event: 1.107 Executing VM operation: HandshakeAllThreads done
Event: 1.428 Executing VM operation: HandshakeAllThreads
Event: 1.428 Executing VM operation: HandshakeAllThreads done
Event: 1.460 Executing VM operation: HandshakeAllThreads
Event: 1.460 Executing VM operation: HandshakeAllThreads done

Events (20 events):
Event: 1.419 Loaded shared library C:\Program Files\Eclipse Adoptium\jdk-17.0.2.8-hotspot\bin\verify.dll
Event: 1.429 loading class java/net/URISyntaxException
Event: 1.429 loading class java/net/URISyntaxException done
Event: 1.459 loading class sun/net/www/protocol/jar/JarURLConnection
Event: 1.459 loading class java/net/JarURLConnection
Event: 1.459 loading class java/net/JarURLConnection done
Event: 1.459 loading class sun/net/www/protocol/jar/JarURLConnection done
Event: 1.459 loading class sun/net/www/protocol/jar/JarFileFactory
Event: 1.459 loading class sun/net/www/protocol/jar/URLJarFile$URLJarFileCloseController
Event: 1.459 loading class sun/net/www/protocol/jar/URLJarFile$URLJarFileCloseController done
Event: 1.459 loading class sun/net/www/protocol/jar/JarFileFactory done
Event: 1.460 loading class sun/net/www/protocol/jar/URLJarFile
Event: 1.460 loading class sun/net/www/protocol/jar/URLJarFile done
Event: 1.461 loading class sun/net/www/protocol/jar/URLJarFile$URLJarFileEntry
Event: 1.461 loading class sun/net/www/protocol/jar/URLJarFile$URLJarFileEntry done
Event: 1.461 loading class sun/net/www/protocol/jar/JarURLConnection$JarURLInputStream
Event: 1.461 loading class sun/net/www/protocol/jar/JarURLConnection$JarURLInputStream done
Event: 1.613 Loaded shared library C:\Users\Barket trader\AppData\Local\Temp\sqlite-3.7.2-sqlitejdbc.dll
Event: 1.627 loading class java/io/StringReader
Event: 1.627 loading class java/io/StringReader done


Dynamic libraries:
0x00007ff767150000 - 0x00007ff76715e000 	C:\Program Files\Eclipse Adoptium\jdk-17.0.2.8-hotspot\bin\java.exe
0x00007ff947070000 - 0x00007ff947265000 	C:\WINDOWS\SYSTEM32\ntdll.dll
0x00007ff93e140000 - 0x00007ff93e156000 	C:\Program Files\Avast Software\Avast\aswhook.dll
0x00007ff945fe0000 - 0x00007ff94609d000 	C:\WINDOWS\System32\KERNEL32.DLL
0x00007ff9447b0000 - 0x00007ff944a79000 	C:\WINDOWS\System32\KERNELBASE.dll
0x00007ff944b30000 - 0x00007ff944c30000 	C:\WINDOWS\System32\ucrtbase.dll
0x00007ff917ab0000 - 0x00007ff917ac9000 	C:\Program Files\Eclipse Adoptium\jdk-17.0.2.8-hotspot\bin\VCRUNTIME140.dll
0x00007ff93d3c0000 - 0x00007ff93d3d8000 	C:\Program Files\Eclipse Adoptium\jdk-17.0.2.8-hotspot\bin\jli.dll
0x00007ff945cc0000 - 0x00007ff945e60000 	C:\WINDOWS\System32\USER32.dll
0x00007ff9450b0000 - 0x00007ff9450d2000 	C:\WINDOWS\System32\win32u.dll
0x00007ff946970000 - 0x00007ff94699a000 	C:\WINDOWS\System32\GDI32.dll
0x00007ff944cd0000 - 0x00007ff944ddb000 	C:\WINDOWS\System32\gdi32full.dll
0x00007ff944c30000 - 0x00007ff944ccd000 	C:\WINDOWS\System32\msvcp_win.dll
0x00007ff921720000 - 0x00007ff9219ba000 	C:\WINDOWS\WinSxS\amd64_microsoft.windows.common-controls_6595b64144ccf1df_6.0.19041.1110_none_60b5254171f9507e\COMCTL32.dll
0x00007ff946200000 - 0x00007ff94629e000 	C:\WINDOWS\System32\msvcrt.dll
0x00007ff946ad0000 - 0x00007ff946b00000 	C:\WINDOWS\System32\IMM32.DLL
0x00007ff93de30000 - 0x00007ff93de3c000 	C:\Program Files\Eclipse Adoptium\jdk-17.0.2.8-hotspot\bin\vcruntime140_1.dll
0x00007ff916c80000 - 0x00007ff916d11000 	C:\Program Files\Eclipse Adoptium\jdk-17.0.2.8-hotspot\bin\msvcp140.dll
0x00007ff8d04f0000 - 0x00007ff8d1137000 	C:\Program Files\Eclipse Adoptium\jdk-17.0.2.8-hotspot\bin\server\jvm.dll
0x00007ff946b00000 - 0x00007ff946bac000 	C:\WINDOWS\System32\ADVAPI32.dll
0x00007ff9463d0000 - 0x00007ff94646b000 	C:\WINDOWS\System32\sechost.dll
0x00007ff9462a0000 - 0x00007ff9463ca000 	C:\WINDOWS\System32\RPCRT4.dll
0x00007ff9450e0000 - 0x00007ff9450e8000 	C:\WINDOWS\System32\PSAPI.DLL
0x00007ff93d470000 - 0x00007ff93d47a000 	C:\WINDOWS\SYSTEM32\VERSION.dll
0x00007ff91c7d0000 - 0x00007ff91c7f7000 	C:\WINDOWS\SYSTEM32\WINMM.dll
0x00007ff929620000 - 0x00007ff929629000 	C:\WINDOWS\SYSTEM32\WSOCK32.dll
0x00007ff946180000 - 0x00007ff9461eb000 	C:\WINDOWS\System32\WS2_32.dll
0x00007ff9430c0000 - 0x00007ff9430d2000 	C:\WINDOWS\SYSTEM32\kernel.appcore.dll
0x00007ff924bb0000 - 0x00007ff924bba000 	C:\Program Files\Eclipse Adoptium\jdk-17.0.2.8-hotspot\bin\jimage.dll
0x00007ff942e50000 - 0x00007ff943034000 	C:\WINDOWS\SYSTEM32\DBGHELP.DLL
0x00007ff93c9b0000 - 0x00007ff93c9dc000 	C:\WINDOWS\SYSTEM32\dbgcore.DLL
0x00007ff945020000 - 0x00007ff9450a3000 	C:\WINDOWS\System32\bcryptPrimitives.dll
0x00007ff924630000 - 0x00007ff92463e000 	C:\Program Files\Eclipse Adoptium\jdk-17.0.2.8-hotspot\bin\instrument.dll
0x00007ff916c50000 - 0x00007ff916c75000 	C:\Program Files\Eclipse Adoptium\jdk-17.0.2.8-hotspot\bin\java.dll
0x00007ff909c50000 - 0x00007ff909d26000 	C:\Program Files\Eclipse Adoptium\jdk-17.0.2.8-hotspot\bin\jsvml.dll
0x00007ff945580000 - 0x00007ff945cbf000 	C:\WINDOWS\System32\SHELL32.dll
0x00007ff9425f0000 - 0x00007ff942d81000 	C:\WINDOWS\SYSTEM32\windows.storage.dll
0x00007ff946bb0000 - 0x00007ff946f05000 	C:\WINDOWS\System32\combase.dll
0x00007ff944150000 - 0x00007ff94417c000 	C:\WINDOWS\SYSTEM32\Wldp.dll
0x00007ff9452c0000 - 0x00007ff94536e000 	C:\WINDOWS\System32\SHCORE.dll
0x00007ff945520000 - 0x00007ff945575000 	C:\WINDOWS\System32\shlwapi.dll
0x00007ff9446f0000 - 0x00007ff94470f000 	C:\WINDOWS\SYSTEM32\profapi.dll
0x00007ff916c30000 - 0x00007ff916c49000 	C:\Program Files\Eclipse Adoptium\jdk-17.0.2.8-hotspot\bin\net.dll
0x00007ff93ae60000 - 0x00007ff93af6a000 	C:\WINDOWS\SYSTEM32\WINHTTP.dll
0x00007ff943eb0000 - 0x00007ff943f1a000 	C:\WINDOWS\system32\mswsock.dll
0x00007ff916c10000 - 0x00007ff916c25000 	C:\Program Files\Eclipse Adoptium\jdk-17.0.2.8-hotspot\bin\nio.dll
0x00007ff916bf0000 - 0x00007ff916c08000 	C:\Program Files\Eclipse Adoptium\jdk-17.0.2.8-hotspot\bin\zip.dll
0x00007ff915bc0000 - 0x00007ff915bda000 	C:\Program Files\JetBrains\IntelliJ IDEA Educational Edition 2021.3.4\bin\breakgen64.dll
0x000002100ca30000 - 0x000002100ca33000 	C:\Users\Barket trader\.openjfx\cache\17.0.1\api-ms-win-core-console-l1-1-0.dll
0x000002100ca40000 - 0x000002100ca43000 	C:\Users\Barket trader\.openjfx\cache\17.0.1\api-ms-win-core-console-l1-2-0.dll
0x000002100ca50000 - 0x000002100ca53000 	C:\Users\Barket trader\.openjfx\cache\17.0.1\api-ms-win-core-datetime-l1-1-0.dll
0x000002100ca60000 - 0x000002100ca63000 	C:\Users\Barket trader\.openjfx\cache\17.0.1\api-ms-win-core-debug-l1-1-0.dll
0x000002100ca70000 - 0x000002100ca73000 	C:\Users\Barket trader\.openjfx\cache\17.0.1\api-ms-win-core-errorhandling-l1-1-0.dll
0x000002100ca80000 - 0x000002100ca84000 	C:\Users\Barket trader\.openjfx\cache\17.0.1\api-ms-win-core-file-l1-1-0.dll
0x000002100ca90000 - 0x000002100ca93000 	C:\Users\Barket trader\.openjfx\cache\17.0.1\api-ms-win-core-file-l1-2-0.dll
0x000002100caa0000 - 0x000002100caa3000 	C:\Users\Barket trader\.openjfx\cache\17.0.1\api-ms-win-core-file-l2-1-0.dll
0x000002102a6f0000 - 0x000002102a6f3000 	C:\Users\Barket trader\.openjfx\cache\17.0.1\api-ms-win-core-handle-l1-1-0.dll
0x000002102a700000 - 0x000002102a703000 	C:\Users\Barket trader\.openjfx\cache\17.0.1\api-ms-win-core-heap-l1-1-0.dll
0x000002102a710000 - 0x000002102a713000 	C:\Users\Barket trader\.openjfx\cache\17.0.1\api-ms-win-core-interlocked-l1-1-0.dll
0x000002102a720000 - 0x000002102a723000 	C:\Users\Barket trader\.openjfx\cache\17.0.1\api-ms-win-core-libraryloader-l1-1-0.dll
0x000002102a730000 - 0x000002102a733000 	C:\Users\Barket trader\.openjfx\cache\17.0.1\api-ms-win-core-localization-l1-2-0.dll
0x000002102a740000 - 0x000002102a743000 	C:\Users\Barket trader\.openjfx\cache\17.0.1\api-ms-win-core-memory-l1-1-0.dll
0x000002102a750000 - 0x000002102a753000 	C:\Users\Barket trader\.openjfx\cache\17.0.1\api-ms-win-core-namedpipe-l1-1-0.dll
0x000002102a760000 - 0x000002102a763000 	C:\Users\Barket trader\.openjfx\cache\17.0.1\api-ms-win-core-processenvironment-l1-1-0.dll
0x000002102a770000 - 0x000002102a773000 	C:\Users\Barket trader\.openjfx\cache\17.0.1\api-ms-win-core-processthreads-l1-1-0.dll
0x000002102a780000 - 0x000002102a783000 	C:\Users\Barket trader\.openjfx\cache\17.0.1\api-ms-win-core-processthreads-l1-1-1.dll
0x000002102a790000 - 0x000002102a793000 	C:\Users\Barket trader\.openjfx\cache\17.0.1\api-ms-win-core-profile-l1-1-0.dll
0x000002102a7a0000 - 0x000002102a7a3000 	C:\Users\Barket trader\.openjfx\cache\17.0.1\api-ms-win-core-rtlsupport-l1-1-0.dll
0x000002102a7b0000 - 0x000002102a7b3000 	C:\Users\Barket trader\.openjfx\cache\17.0.1\api-ms-win-core-string-l1-1-0.dll
0x000002102a7c0000 - 0x000002102a7c3000 	C:\Users\Barket trader\.openjfx\cache\17.0.1\api-ms-win-core-synch-l1-1-0.dll
0x000002102a7d0000 - 0x000002102a7d3000 	C:\Users\Barket trader\.openjfx\cache\17.0.1\api-ms-win-core-synch-l1-2-0.dll
0x000002102a7e0000 - 0x000002102a7e3000 	C:\Users\Barket trader\.openjfx\cache\17.0.1\api-ms-win-core-sysinfo-l1-1-0.dll
0x000002102a7f0000 - 0x000002102a7f3000 	C:\Users\Barket trader\.openjfx\cache\17.0.1\api-ms-win-core-timezone-l1-1-0.dll
0x000002102bc00000 - 0x000002102bc03000 	C:\Users\Barket trader\.openjfx\cache\17.0.1\api-ms-win-core-util-l1-1-0.dll
0x000002102bc10000 - 0x000002102bc13000 	C:\Users\Barket trader\.openjfx\cache\17.0.1\api-ms-win-crt-conio-l1-1-0.dll
0x000002102bc20000 - 0x000002102bc24000 	C:\Users\Barket trader\.openjfx\cache\17.0.1\api-ms-win-crt-convert-l1-1-0.dll
0x000002102bc30000 - 0x000002102bc33000 	C:\Users\Barket trader\.openjfx\cache\17.0.1\api-ms-win-crt-environment-l1-1-0.dll
0x000002102bc40000 - 0x000002102bc43000 	C:\Users\Barket trader\.openjfx\cache\17.0.1\api-ms-win-crt-filesystem-l1-1-0.dll
0x000002102bc50000 - 0x000002102bc53000 	C:\Users\Barket trader\.openjfx\cache\17.0.1\api-ms-win-crt-heap-l1-1-0.dll
0x000002102bc60000 - 0x000002102bc63000 	C:\Users\Barket trader\.openjfx\cache\17.0.1\api-ms-win-crt-locale-l1-1-0.dll
0x000002102bc70000 - 0x000002102bc75000 	C:\Users\Barket trader\.openjfx\cache\17.0.1\api-ms-win-crt-math-l1-1-0.dll
0x000002102bc80000 - 0x000002102bc85000 	C:\Users\Barket trader\.openjfx\cache\17.0.1\api-ms-win-crt-multibyte-l1-1-0.dll
0x000002102bc90000 - 0x000002102bca0000 	C:\Users\Barket trader\.openjfx\cache\17.0.1\api-ms-win-crt-private-l1-1-0.dll
0x000002102bca0000 - 0x000002102bca3000 	C:\Users\Barket trader\.openjfx\cache\17.0.1\api-ms-win-crt-process-l1-1-0.dll
0x000002102bcb0000 - 0x000002102bcb4000 	C:\Users\Barket trader\.openjfx\cache\17.0.1\api-ms-win-crt-runtime-l1-1-0.dll
0x000002102bcc0000 - 0x000002102bcc4000 	C:\Users\Barket trader\.openjfx\cache\17.0.1\api-ms-win-crt-stdio-l1-1-0.dll
0x000002102bcd0000 - 0x000002102bcd4000 	C:\Users\Barket trader\.openjfx\cache\17.0.1\api-ms-win-crt-string-l1-1-0.dll
0x000002102bce0000 - 0x000002102bce3000 	C:\Users\Barket trader\.openjfx\cache\17.0.1\api-ms-win-crt-time-l1-1-0.dll
0x000002102bcf0000 - 0x000002102bcf3000 	C:\Users\Barket trader\.openjfx\cache\17.0.1\api-ms-win-crt-utility-l1-1-0.dll
0x00007ff909b50000 - 0x00007ff909c4c000 	C:\Users\Barket trader\.openjfx\cache\17.0.1\ucrtbase.dll
0x00007ff915b60000 - 0x00007ff915b7a000 	C:\Users\Barket trader\.openjfx\cache\17.0.1\vcruntime140.dll
0x00007ff91a2d0000 - 0x00007ff91a2dc000 	C:\Users\Barket trader\.openjfx\cache\17.0.1\vcruntime140_1.dll
0x00007ff909f10000 - 0x00007ff909f9d000 	C:\Users\Barket trader\.openjfx\cache\17.0.1\msvcp140.dll
0x00007ff9149d0000 - 0x00007ff9149fa000 	C:\Users\Barket trader\.openjfx\cache\17.0.1\prism_d3d.dll
0x00007ff8f6020000 - 0x00007ff8f61ee000 	C:\WINDOWS\system32\d3d9.dll
0x00007ff942230000 - 0x00007ff94225f000 	C:\WINDOWS\SYSTEM32\dwmapi.dll
0x00007ff941f50000 - 0x00007ff941fee000 	C:\WINDOWS\system32\uxtheme.dll
0x00007ff901350000 - 0x00007ff9014b5000 	C:\WINDOWS\System32\DriverStore\FileRepository\igdlh64.inf_amd64_e6daaea9afe1e6f6\igdumdim64.dll
0x00007ff945110000 - 0x00007ff94523a000 	C:\WINDOWS\System32\ole32.dll
0x00007ff944ff0000 - 0x00007ff945017000 	C:\WINDOWS\System32\bcrypt.dll
0x00007ff8c39d0000 - 0x00007ff8c81cd000 	C:\WINDOWS\System32\DriverStore\FileRepository\igdlh64.inf_amd64_e6daaea9afe1e6f6\igd9dxva64.dll
0x00007ff9469a0000 - 0x00007ff946a6d000 	C:\WINDOWS\System32\OLEAUT32.dll
0x00007ff946470000 - 0x00007ff9468d9000 	C:\WINDOWS\System32\SETUPAPI.dll
0x00007ff944e40000 - 0x00007ff944e8e000 	C:\WINDOWS\System32\cfgmgr32.dll
0x00007ff92edd0000 - 0x00007ff92f027000 	C:\WINDOWS\System32\DriverStore\FileRepository\igdlh64.inf_amd64_e6daaea9afe1e6f6\igdgmm64.dll
0x00007ff90a490000 - 0x00007ff90a4d2000 	C:\Users\Barket trader\.openjfx\cache\17.0.1\glass.dll
0x00007ff9460a0000 - 0x00007ff94617a000 	C:\WINDOWS\System32\COMDLG32.dll
0x00007ff945ec0000 - 0x00007ff945fd5000 	C:\WINDOWS\System32\MSCTF.dll
0x00007ff914420000 - 0x00007ff914447000 	C:\WINDOWS\System32\DriverStore\FileRepository\igdlh64.inf_amd64_e6daaea9afe1e6f6\igdinfo64.dll
0x00007ff92bef0000 - 0x00007ff92eb09000 	C:\WINDOWS\System32\DriverStore\FileRepository\igdlh64.inf_amd64_e6daaea9afe1e6f6\igc64.dll
0x00007ff92ed90000 - 0x00007ff92edcb000 	C:\WINDOWS\SYSTEM32\dxcore.dll
0x00007ff924500000 - 0x00007ff924510000 	C:\Program Files\Eclipse Adoptium\jdk-17.0.2.8-hotspot\bin\verify.dll
0x0000000069340000 - 0x00000000693c5000 	C:\Users\Barket trader\AppData\Local\Temp\sqlite-3.7.2-sqlitejdbc.dll

dbghelp: loaded successfully - version: 4.0.5 - missing functions: none
symbol engine: initialized successfully - sym options: 0x614 - pdb path: .;C:\Program Files\Eclipse Adoptium\jdk-17.0.2.8-hotspot\bin;C:\WINDOWS\SYSTEM32;C:\Program Files\Avast Software\Avast;C:\WINDOWS\WinSxS\amd64_microsoft.windows.common-controls_6595b64144ccf1df_6.0.19041.1110_none_60b5254171f9507e;C:\Program Files\Eclipse Adoptium\jdk-17.0.2.8-hotspot\bin\server;C:\Program Files\JetBrains\IntelliJ IDEA Educational Edition 2021.3.4\bin;C:\Users\Barket trader\.openjfx\cache\17.0.1;C:\WINDOWS\System32\DriverStore\FileRepository\igdlh64.inf_amd64_e6daaea9afe1e6f6;C:\Users\Barket trader\AppData\Local\Temp

VM Arguments:
jvm_args: -javaagent:C:\Program Files\JetBrains\IntelliJ IDEA Educational Edition 2021.3.4\lib\idea_rt.jar=57011:C:\Program Files\JetBrains\IntelliJ IDEA Educational Edition 2021.3.4\bin -Dfile.encoding=UTF-8 --module-path=C:\Users\Barket trader\.m2\repository\org\openjfx\javafx-base\17.0.1\javafx-base-17.0.1-win.jar;C:\Users\Barket trader\demo4\target\classes;C:\Users\Barket trader\.m2\repository\org\openjfx\javafx-fxml\17.0.1\javafx-fxml-17.0.1-win.jar;C:\Users\Barket trader\.m2\repository\org\openjfx\javafx-controls\17.0.1\javafx-controls-17.0.1-win.jar;C:\Users\Barket trader\.m2\repository\org\openjfx\javafx-graphics\17.0.1\javafx-graphics-17.0.1-win.jar -Djdk.module.main=com.example.demo4 
java_command: com.example.demo4/com.example.demo4.app
java_class_path (initial): C:\Users\Barket trader\IdeaProjects\TODO\sqlite-jdbc-3.7.2.jar;C:\Users\Barket trader\.m2\repository\org\openjfx\javafx-controls\17.0.1\javafx-controls-17.0.1.jar;C:\Users\Barket trader\.m2\repository\org\openjfx\javafx-graphics\17.0.1\javafx-graphics-17.0.1.jar;C:\Users\Barket trader\.m2\repository\org\openjfx\javafx-base\17.0.1\javafx-base-17.0.1.jar;C:\Users\Barket trader\.m2\repository\org\openjfx\javafx-fxml\17.0.1\javafx-fxml-17.0.1.jar
Launcher Type: SUN_STANDARD

[Global flags]
     intx CICompilerCount                          = 3                                         {product} {ergonomic}
     uint ConcGCThreads                            = 1                                         {product} {ergonomic}
     uint G1ConcRefinementThreads                  = 4                                         {product} {ergonomic}
   size_t G1HeapRegionSize                         = 1048576                                   {product} {ergonomic}
    uintx GCDrainStackTargetSize                   = 64                                        {product} {ergonomic}
   size_t InitialHeapSize                          = 134217728                                 {product} {ergonomic}
   size_t MarkStackSize                            = 4194304                                   {product} {ergonomic}
   size_t MaxHeapSize                              = 2118123520                                {product} {ergonomic}
   size_t MaxNewSize                               = 1270874112                                {product} {ergonomic}
   size_t MinHeapDeltaBytes                        = 1048576                                   {product} {ergonomic}
   size_t MinHeapSize                              = 8388608                                   {product} {ergonomic}
    uintx NonNMethodCodeHeapSize                   = 5832780                                {pd product} {ergonomic}
    uintx NonProfiledCodeHeapSize                  = 122912730                              {pd product} {ergonomic}
    uintx ProfiledCodeHeapSize                     = 122912730                              {pd product} {ergonomic}
    uintx ReservedCodeCacheSize                    = 251658240                              {pd product} {ergonomic}
     bool SegmentedCodeCache                       = true                                      {product} {ergonomic}
   size_t SoftMaxHeapSize                          = 2118123520                             {manageable} {ergonomic}
     bool UseCompressedClassPointers               = true                           {product lp64_product} {ergonomic}
     bool UseCompressedOops                        = true                           {product lp64_product} {ergonomic}
     bool UseG1GC                                  = true                                      {product} {ergonomic}
     bool UseLargePagesIndividualAllocation        = false                                  {pd product} {ergonomic}

Logging:
Log output configuration:
 #0: stdout all=warning uptime,level,tags
 #1: stderr all=off uptime,level,tags

Environment Variables:
JAVA_HOME=C:\Program Files\Eclipse Adoptium\jdk-17.0.2.8-hotspot\
PATH=C:\Program Files (x86)\Common Files\Oracle\Java\javapath;"C:\Program Files\Common Files\Oracle\Java\javapath; C:\Program Files\java\ jdk1.8.0_91\bin";C:\Program Files\Eclipse Adoptium\jdk-17.0.2.8-hotspot\bin;C:\WINDOWS\system32;C:\WINDOWS;C:\WINDOWS\System32\Wbem;C:\WINDOWS\System32\WindowsPowerShell\v1.0\;C:\WINDOWS\System32\OpenSSH\;C:\Users\Barket trader\AppData\Local\Packages\PythonSoftwareFoundation.Python.3.9_qbz5n2kfra8p0\LocalCache\local-packages\Python39\Scripts;C:\Program Files\LLVM\bin;C:\Program Files\LLVM\bin;D:\pdf Books\CS\Docker desktop\required things\New folder\Git\cmd;C:\Program Files\dotnet\;C:\Program Files\Microsoft SQL Server\130\Tools\Binn\;C:\Program Files (x86)\dotnet\;C:\WINDOWS\system32;C:\WINDOWS;C:\WINDOWS\System32\Wbem;C:\WINDOWS\System32\WindowsPowerShell\v1.0\;C:\WINDOWS\System32\OpenSSH\;C:\Users\Barket trader\AppData\Local\Packages\PythonSoftwareFoundation.Python.3.9_qbz5n2kfra8p0\LocalCache\local-packages\Python39\Scripts;C:\Program Files\LLVM\bin;C:\Program Files\LLVM\bin;D:\pdf Books\CS\Docker desktop\required things\New folder\Git\cmd;C:\Program Files\dotnet\;C:\Program Files\Microsoft SQL Server\130\Tools\Binn\;C:\Program Files\Microsoft SQL Server\Client SDK\ODBC\170\Tools\Binn\;C:\Program Files (x86)\dotnet\;C:\WINDOWS\system32;C:\WINDOWS;C:\WINDOWS\System32\Wbem;C:\WINDOWS\System32\WindowsPowerShell\v1.0\;C:\WINDOWS\System32\OpenSSH\;C:\Users\Barket trader\AppData\Local\Packages\PythonSoftwareFoundation.Python.3.9_qbz5n2kfra8p0\LocalCache\local-packages\Python39\Scripts;C:\Program Files\LLVM\bin;C:\Program Files\LLVM\bin;D:\pdf Books\CS\Docker desktop\required things\New folder\Git\cmd;C:\Program Files\dotnet\;C:\Program Files\Microsoft SQL Server\130\Tools;D:\pdf Books\CS\Docker desktop\required things\visual studio code things\Microsoft VS Code\bin;C:\Program Files (x86)\Microsoft Visual Studio\Shared\Python37_64;
USERNAME=Barket trader
OS=Windows_NT
PROCESSOR_IDENTIFIER=Intel64 Family 6 Model 78 Stepping 3, GenuineIntel



---------------  S Y S T E M  ---------------

OS:
 Windows 10 , 64 bit Build 19041 (10.0.19041.1023)
OS uptime: 0 days 16:25 hours

CPU: total 4 (initial active 4) (2 cores per cpu, 2 threads per core) family 6 model 78 stepping 3 microcode 0xd4, cx8, cmov, fxsr, ht, mmx, 3dnowpref, sse, sse2, sse3, ssse3, sse4.1, sse4.2, popcnt, lzcnt, tsc, tscinvbit, avx, avx2, aes, erms, clmul, bmi1, bmi2, rtm, adx, fma, vzeroupper, clflush, clflushopt

Memory: 4k page, system-wide physical 8072M (2095M free)
TotalPageFile size 9672M (AvailPageFile size 2730M)
current process WorkingSet (physical memory assigned to process): 88M, peak: 88M
current process commit charge ("private bytes"): 240M, peak: 240M

vm_info: OpenJDK 64-Bit Server VM (17.0.2+8) for windows-amd64 JRE (17.0.2+8), built on Jan 20 2022 04:52:34 by "" with MS VC++ 16.7 (VS2019)

END.
